D:\C++ FOR PROGRAMMERS\LASTEST\A02\A02\DEBUG\A02.OBJ
D:\C++ FOR PROGRAMMERS\LASTEST\A02\A02\DEBUG\A02.PCH
D:\C++ FOR PROGRAMMERS\LASTEST\A02\A02\DEBUG\A02.RES
D:\C++ for Programmers\Lastest\A02\A02\Debug\A02.vcxprojResolveAssemblyReference.cache
D:\C++ for Programmers\Lastest\A02\A02\Debug\A02.write.1.tlog
D:\C++ FOR PROGRAMMERS\LASTEST\A02\A02\DEBUG\A02DLG.OBJ
D:\C++ for Programmers\Lastest\A02\A02\Debug\cl.command.1.tlog
D:\C++ for Programmers\Lastest\A02\A02\Debug\CL.read.1.tlog
D:\C++ for Programmers\Lastest\A02\A02\Debug\CL.write.1.tlog
D:\C++ FOR PROGRAMMERS\LASTEST\A02\A02\DEBUG\CVVIMAGE.OBJ
D:\C++ FOR PROGRAMMERS\LASTEST\A02\A02\DEBUG\HAUSDORFFCOMPUTER.OBJ
D:\C++ for Programmers\Lastest\A02\A02\Debug\link.command.1.tlog
D:\C++ for Programmers\Lastest\A02\A02\Debug\link.read.1.tlog
D:\C++ for Programmers\Lastest\A02\A02\Debug\link.write.1.tlog
D:\C++ for Programmers\Lastest\A02\A02\Debug\rc.command.1.tlog
D:\C++ for Programmers\Lastest\A02\A02\Debug\rc.read.1.tlog
D:\C++ for Programmers\Lastest\A02\A02\Debug\rc.write.1.tlog
D:\C++ FOR PROGRAMMERS\LASTEST\A02\A02\DEBUG\RECOGNIZEDLG.OBJ
D:\C++ FOR PROGRAMMERS\LASTEST\A02\A02\DEBUG\STDAFX.OBJ
D:\C++ for Programmers\Lastest\A02\A02\Debug\vc100.idb
D:\C++ FOR PROGRAMMERS\LASTEST\A02\A02\DEBUG\VC100.PDB
